internal/modules/cjs/loader.js:1017
  throw err;
  ^

Error: Cannot find module 'express'
Require stack:
- /opt/nvidia/deepstream/deepstream-5.0/sources/apps/sample_apps/smart_ppe/json/snapshot/server.js
    at Function.Module._resolveFilename (internal/modules/cjs/loader.js:1014:15)
    at Function.Module._load (internal/modules/cjs/loader.js:884:27)
    at Module.require (internal/modules/cjs/loader.js:1074:19)
    at require (internal/modules/cjs/helpers.js:72:18)
    at Object.<anonymous> (/opt/nvidia/deepstream/deepstream-5.0/sources/apps/sample_apps/smart_ppe/json/snapshot/server.js:1:17)
    at Module._compile (internal/modules/cjs/loader.js:1185:30)
    at Object.Module._extensions..js (internal/modules/cjs/loader.js:1205:10)
    at Module.load (internal/modules/cjs/loader.js:1034:32)
    at Function.Module._load (internal/modules/cjs/loader.js:923:14)
    at Function.executeUserEntryPoint [as runMain] (internal/modules/run_main.js:71:12) {
  code: 'MODULE_NOT_FOUND',
  requireStack: [
    '/opt/nvidia/deepstream/deepstream-5.0/sources/apps/sample_apps/smart_ppe/json/snapshot/server.js'
  ]
}
